#! /c/Source/iverilog-install/bin/vvp
:ivl_version "12.0 (devel)" "(s20150603-1539-g2693dd32b)";
:ivl_delay_selection "TYPICAL";
:vpi_time_precision - 12;
:vpi_module "C:\iverilog\lib\ivl\system.vpi";
:vpi_module "C:\iverilog\lib\ivl\vhdl_sys.vpi";
:vpi_module "C:\iverilog\lib\ivl\vhdl_textio.vpi";
:vpi_module "C:\iverilog\lib\ivl\v2005_math.vpi";
:vpi_module "C:\iverilog\lib\ivl\va_math.vpi";
S_0000022df3287540 .scope module, "Decoder4to16_withE" "Decoder4to16_withE" 2 3;
 .timescale -12 -12;
    .port_info 0 /INPUT 1 "Enable";
    .port_info 1 /INPUT 4 "Input";
    .port_info 2 /OUTPUT 16 "Output";
o0000022df3294f78 .functor BUFZ 1, C4<z>; HiZ drive
v0000022df327d540_0 .net "Enable", 0 0, o0000022df3294f78;  0 drivers
o0000022df3294fa8 .functor BUFZ 4, C4<zzzz>; HiZ drive
v0000022df327d5e0_0 .net "Input", 3 0, o0000022df3294fa8;  0 drivers
v0000022df3226100_0 .var "Output", 15 0;
E_0000022df326a440 .event anyedge, v0000022df327d5e0_0, v0000022df327d540_0;
S_0000022df32876d0 .scope module, "MUX16to1_8bit" "MUX16to1_8bit" 2 34;
 .timescale -12 -12;
    .port_info 0 /INPUT 128 "Input";
    .port_info 1 /INPUT 4 "Select";
    .port_info 2 /OUTPUT 8 "Output";
o0000022df3295098 .functor BUFZ 128, C4<zzzzzzzzzzzzzzzzzzzzzzzzzzzzzzzzzzzzzzzzzzzzzzzzzzzzzzzzzzzzzzzzzzzzzzzzzzzzzzzzzzzzzzzzzzzzzzzzzzzzzzzzzzzzzzzzzzzzzzzzzzzzzzzz>; HiZ drive
v0000022df32261a0_0 .net "Input", 127 0, o0000022df3295098;  0 drivers
v0000022df3226240_0 .var "Output", 7 0;
o0000022df32950f8 .functor BUFZ 4, C4<zzzz>; HiZ drive
v0000022df32262e0_0 .net "Select", 3 0, o0000022df32950f8;  0 drivers
E_0000022df326a300 .event anyedge, v0000022df32262e0_0, v0000022df32261a0_0;
S_0000022df327d220 .scope module, "MUX32to1_1bit_withE" "MUX32to1_1bit_withE" 2 65;
 .timescale -12 -12;
    .port_info 0 /INPUT 1 "Enable";
    .port_info 1 /INPUT 32 "Input";
    .port_info 2 /INPUT 5 "Select";
    .port_info 3 /OUTPUT 1 "Output";
o0000022df32951b8 .functor BUFZ 1, C4<z>; HiZ drive
v0000022df3226380_0 .net "Enable", 0 0, o0000022df32951b8;  0 drivers
o0000022df32951e8 .functor BUFZ 32, C4<zzzzzzzzzzzzzzzzzzzzzzzzzzzzzzzz>; HiZ drive
v0000022df3226420_0 .net "Input", 31 0, o0000022df32951e8;  0 drivers
v0000022df32264c0_0 .var "Output", 0 0;
o0000022df3295248 .functor BUFZ 5, C4<zzzzz>; HiZ drive
v0000022df32733e0_0 .net "Select", 4 0, o0000022df3295248;  0 drivers
E_0000022df3269c80 .event anyedge, v0000022df3226380_0, v0000022df32733e0_0, v0000022df3226420_0;
S_0000022df327d3b0 .scope module, "MUX32to1_8bit" "MUX32to1_8bit" 2 116;
 .timescale -12 -12;
    .port_info 0 /INPUT 256 "Input";
    .port_info 1 /INPUT 5 "sel";
    .port_info 2 /OUTPUT 8 "out";
o0000022df3295338 .functor BUFZ 256, C4<zzzzzzzzzzzzzzzzzzzzzzzzzzzzzzzzzzzzzzzzzzzzzzzzzzzzzzzzzzzzzzzzzzzzzzzzzzzzzzzzzzzzzzzzzzzzzzzzzzzzzzzzzzzzzzzzzzzzzzzzzzzzzzzzzzzzzzzzzzzzzzzzzzzzzzzzzzzzzzzzzzzzzzzzzzzzzzzzzzzzzzzzzzzzzzzzzzzzzzzzzzzzzzzzzzzzzzzzzzzzzzzzzzzzzzzzzzzzzzzzzzzzzzzzzzzzzzzz>; HiZ drive
v0000022df3273480_0 .net "Input", 255 0, o0000022df3295338;  0 drivers
v0000022df3273930_0 .var "out", 7 0;
o0000022df3295398 .functor BUFZ 5, C4<zzzzz>; HiZ drive
v0000022df3274330_0 .net "sel", 4 0, o0000022df3295398;  0 drivers
E_0000022df3269a40 .event anyedge, v0000022df3274330_0, v0000022df3273480_0;
    .scope S_0000022df3287540;
T_0 ;
    %wait E_0000022df326a440;
    %load/vec4 v0000022df327d540_0;
    %cmpi/e 1, 0, 1;
    %jmp/0xz  T_0.0, 4;
    %load/vec4 v0000022df327d5e0_0;
    %dup/vec4;
    %pushi/vec4 0, 0, 4;
    %cmp/u;
    %jmp/1 T_0.2, 6;
    %dup/vec4;
    %pushi/vec4 1, 0, 4;
    %cmp/u;
    %jmp/1 T_0.3, 6;
    %dup/vec4;
    %pushi/vec4 2, 0, 4;
    %cmp/u;
    %jmp/1 T_0.4, 6;
    %dup/vec4;
    %pushi/vec4 3, 0, 4;
    %cmp/u;
    %jmp/1 T_0.5, 6;
    %dup/vec4;
    %pushi/vec4 4, 0, 4;
    %cmp/u;
    %jmp/1 T_0.6, 6;
    %dup/vec4;
    %pushi/vec4 5, 0, 4;
    %cmp/u;
    %jmp/1 T_0.7, 6;
    %dup/vec4;
    %pushi/vec4 6, 0, 4;
    %cmp/u;
    %jmp/1 T_0.8, 6;
    %dup/vec4;
    %pushi/vec4 7, 0, 4;
    %cmp/u;
    %jmp/1 T_0.9, 6;
    %dup/vec4;
    %pushi/vec4 8, 0, 4;
    %cmp/u;
    %jmp/1 T_0.10, 6;
    %dup/vec4;
    %pushi/vec4 9, 0, 4;
    %cmp/u;
    %jmp/1 T_0.11, 6;
    %dup/vec4;
    %pushi/vec4 10, 0, 4;
    %cmp/u;
    %jmp/1 T_0.12, 6;
    %dup/vec4;
    %pushi/vec4 11, 0, 4;
    %cmp/u;
    %jmp/1 T_0.13, 6;
    %dup/vec4;
    %pushi/vec4 12, 0, 4;
    %cmp/u;
    %jmp/1 T_0.14, 6;
    %dup/vec4;
    %pushi/vec4 13, 0, 4;
    %cmp/u;
    %jmp/1 T_0.15, 6;
    %pushi/vec4 65535, 0, 16;
    %store/vec4 v0000022df3226100_0, 0, 16;
    %jmp T_0.17;
T_0.2 ;
    %pushi/vec4 1, 0, 16;
    %store/vec4 v0000022df3226100_0, 0, 16;
    %jmp T_0.17;
T_0.3 ;
    %pushi/vec4 2, 0, 16;
    %store/vec4 v0000022df3226100_0, 0, 16;
    %jmp T_0.17;
T_0.4 ;
    %pushi/vec4 4, 0, 16;
    %store/vec4 v0000022df3226100_0, 0, 16;
    %jmp T_0.17;
T_0.5 ;
    %pushi/vec4 8, 0, 16;
    %store/vec4 v0000022df3226100_0, 0, 16;
    %jmp T_0.17;
T_0.6 ;
    %pushi/vec4 16, 0, 16;
    %store/vec4 v0000022df3226100_0, 0, 16;
    %jmp T_0.17;
T_0.7 ;
    %pushi/vec4 32, 0, 16;
    %store/vec4 v0000022df3226100_0, 0, 16;
    %jmp T_0.17;
T_0.8 ;
    %pushi/vec4 64, 0, 16;
    %store/vec4 v0000022df3226100_0, 0, 16;
    %jmp T_0.17;
T_0.9 ;
    %pushi/vec4 256, 0, 16;
    %store/vec4 v0000022df3226100_0, 0, 16;
    %jmp T_0.17;
T_0.10 ;
    %pushi/vec4 512, 0, 16;
    %store/vec4 v0000022df3226100_0, 0, 16;
    %jmp T_0.17;
T_0.11 ;
    %pushi/vec4 1024, 0, 16;
    %store/vec4 v0000022df3226100_0, 0, 16;
    %jmp T_0.17;
T_0.12 ;
    %pushi/vec4 4096, 0, 16;
    %store/vec4 v0000022df3226100_0, 0, 16;
    %jmp T_0.17;
T_0.13 ;
    %pushi/vec4 8192, 0, 16;
    %store/vec4 v0000022df3226100_0, 0, 16;
    %jmp T_0.17;
T_0.14 ;
    %pushi/vec4 16384, 0, 16;
    %store/vec4 v0000022df3226100_0, 0, 16;
    %jmp T_0.17;
T_0.15 ;
    %pushi/vec4 32768, 0, 16;
    %store/vec4 v0000022df3226100_0, 0, 16;
    %jmp T_0.17;
T_0.17 ;
    %pop/vec4 1;
    %jmp T_0.1;
T_0.0 ;
    %pushi/vec4 65535, 0, 16;
    %store/vec4 v0000022df3226100_0, 0, 16;
T_0.1 ;
    %jmp T_0;
    .thread T_0, $push;
    .scope S_0000022df32876d0;
T_1 ;
    %wait E_0000022df326a300;
    %load/vec4 v0000022df32262e0_0;
    %dup/vec4;
    %pushi/vec4 0, 0, 4;
    %cmp/u;
    %jmp/1 T_1.0, 6;
    %dup/vec4;
    %pushi/vec4 1, 0, 4;
    %cmp/u;
    %jmp/1 T_1.1, 6;
    %dup/vec4;
    %pushi/vec4 2, 0, 4;
    %cmp/u;
    %jmp/1 T_1.2, 6;
    %dup/vec4;
    %pushi/vec4 3, 0, 4;
    %cmp/u;
    %jmp/1 T_1.3, 6;
    %dup/vec4;
    %pushi/vec4 4, 0, 4;
    %cmp/u;
    %jmp/1 T_1.4, 6;
    %dup/vec4;
    %pushi/vec4 5, 0, 4;
    %cmp/u;
    %jmp/1 T_1.5, 6;
    %dup/vec4;
    %pushi/vec4 6, 0, 4;
    %cmp/u;
    %jmp/1 T_1.6, 6;
    %dup/vec4;
    %pushi/vec4 7, 0, 4;
    %cmp/u;
    %jmp/1 T_1.7, 6;
    %dup/vec4;
    %pushi/vec4 8, 0, 4;
    %cmp/u;
    %jmp/1 T_1.8, 6;
    %dup/vec4;
    %pushi/vec4 9, 0, 4;
    %cmp/u;
    %jmp/1 T_1.9, 6;
    %dup/vec4;
    %pushi/vec4 10, 0, 4;
    %cmp/u;
    %jmp/1 T_1.10, 6;
    %dup/vec4;
    %pushi/vec4 11, 0, 4;
    %cmp/u;
    %jmp/1 T_1.11, 6;
    %dup/vec4;
    %pushi/vec4 12, 0, 4;
    %cmp/u;
    %jmp/1 T_1.12, 6;
    %dup/vec4;
    %pushi/vec4 13, 0, 4;
    %cmp/u;
    %jmp/1 T_1.13, 6;
    %dup/vec4;
    %pushi/vec4 14, 0, 4;
    %cmp/u;
    %jmp/1 T_1.14, 6;
    %dup/vec4;
    %pushi/vec4 15, 0, 4;
    %cmp/u;
    %jmp/1 T_1.15, 6;
    %pushi/vec4 0, 0, 8;
    %store/vec4 v0000022df3226240_0, 0, 8;
    %jmp T_1.17;
T_1.0 ;
    %load/vec4 v0000022df32261a0_0;
    %parti/s 8, 0, 2;
    %store/vec4 v0000022df3226240_0, 0, 8;
    %jmp T_1.17;
T_1.1 ;
    %load/vec4 v0000022df32261a0_0;
    %parti/s 8, 8, 5;
    %store/vec4 v0000022df3226240_0, 0, 8;
    %jmp T_1.17;
T_1.2 ;
    %load/vec4 v0000022df32261a0_0;
    %parti/s 8, 16, 6;
    %store/vec4 v0000022df3226240_0, 0, 8;
    %jmp T_1.17;
T_1.3 ;
    %load/vec4 v0000022df32261a0_0;
    %parti/s 8, 24, 6;
    %store/vec4 v0000022df3226240_0, 0, 8;
    %jmp T_1.17;
T_1.4 ;
    %load/vec4 v0000022df32261a0_0;
    %parti/s 8, 32, 7;
    %store/vec4 v0000022df3226240_0, 0, 8;
    %jmp T_1.17;
T_1.5 ;
    %load/vec4 v0000022df32261a0_0;
    %parti/s 8, 40, 7;
    %store/vec4 v0000022df3226240_0, 0, 8;
    %jmp T_1.17;
T_1.6 ;
    %load/vec4 v0000022df32261a0_0;
    %parti/s 8, 48, 7;
    %store/vec4 v0000022df3226240_0, 0, 8;
    %jmp T_1.17;
T_1.7 ;
    %load/vec4 v0000022df32261a0_0;
    %parti/s 8, 56, 7;
    %store/vec4 v0000022df3226240_0, 0, 8;
    %jmp T_1.17;
T_1.8 ;
    %load/vec4 v0000022df32261a0_0;
    %parti/s 8, 64, 8;
    %store/vec4 v0000022df3226240_0, 0, 8;
    %jmp T_1.17;
T_1.9 ;
    %load/vec4 v0000022df32261a0_0;
    %parti/s 8, 72, 8;
    %store/vec4 v0000022df3226240_0, 0, 8;
    %jmp T_1.17;
T_1.10 ;
    %load/vec4 v0000022df32261a0_0;
    %parti/s 8, 80, 8;
    %store/vec4 v0000022df3226240_0, 0, 8;
    %jmp T_1.17;
T_1.11 ;
    %load/vec4 v0000022df32261a0_0;
    %parti/s 8, 88, 8;
    %store/vec4 v0000022df3226240_0, 0, 8;
    %jmp T_1.17;
T_1.12 ;
    %load/vec4 v0000022df32261a0_0;
    %parti/s 8, 96, 8;
    %store/vec4 v0000022df3226240_0, 0, 8;
    %jmp T_1.17;
T_1.13 ;
    %load/vec4 v0000022df32261a0_0;
    %parti/s 8, 104, 8;
    %store/vec4 v0000022df3226240_0, 0, 8;
    %jmp T_1.17;
T_1.14 ;
    %load/vec4 v0000022df32261a0_0;
    %parti/s 8, 112, 8;
    %store/vec4 v0000022df3226240_0, 0, 8;
    %jmp T_1.17;
T_1.15 ;
    %load/vec4 v0000022df32261a0_0;
    %parti/s 8, 120, 8;
    %store/vec4 v0000022df3226240_0, 0, 8;
    %jmp T_1.17;
T_1.17 ;
    %pop/vec4 1;
    %jmp T_1;
    .thread T_1, $push;
    .scope S_0000022df327d220;
T_2 ;
    %wait E_0000022df3269c80;
    %load/vec4 v0000022df3226380_0;
    %flag_set/vec4 8;
    %jmp/0xz  T_2.0, 8;
    %load/vec4 v0000022df32733e0_0;
    %dup/vec4;
    %pushi/vec4 0, 0, 5;
    %cmp/u;
    %jmp/1 T_2.2, 6;
    %dup/vec4;
    %pushi/vec4 1, 0, 5;
    %cmp/u;
    %jmp/1 T_2.3, 6;
    %dup/vec4;
    %pushi/vec4 2, 0, 5;
    %cmp/u;
    %jmp/1 T_2.4, 6;
    %dup/vec4;
    %pushi/vec4 3, 0, 5;
    %cmp/u;
    %jmp/1 T_2.5, 6;
    %dup/vec4;
    %pushi/vec4 4, 0, 5;
    %cmp/u;
    %jmp/1 T_2.6, 6;
    %dup/vec4;
    %pushi/vec4 5, 0, 5;
    %cmp/u;
    %jmp/1 T_2.7, 6;
    %dup/vec4;
    %pushi/vec4 6, 0, 5;
    %cmp/u;
    %jmp/1 T_2.8, 6;
    %dup/vec4;
    %pushi/vec4 7, 0, 5;
    %cmp/u;
    %jmp/1 T_2.9, 6;
    %dup/vec4;
    %pushi/vec4 8, 0, 5;
    %cmp/u;
    %jmp/1 T_2.10, 6;
    %dup/vec4;
    %pushi/vec4 9, 0, 5;
    %cmp/u;
    %jmp/1 T_2.11, 6;
    %dup/vec4;
    %pushi/vec4 10, 0, 5;
    %cmp/u;
    %jmp/1 T_2.12, 6;
    %dup/vec4;
    %pushi/vec4 11, 0, 5;
    %cmp/u;
    %jmp/1 T_2.13, 6;
    %dup/vec4;
    %pushi/vec4 12, 0, 5;
    %cmp/u;
    %jmp/1 T_2.14, 6;
    %dup/vec4;
    %pushi/vec4 13, 0, 5;
    %cmp/u;
    %jmp/1 T_2.15, 6;
    %dup/vec4;
    %pushi/vec4 14, 0, 5;
    %cmp/u;
    %jmp/1 T_2.16, 6;
    %dup/vec4;
    %pushi/vec4 15, 0, 5;
    %cmp/u;
    %jmp/1 T_2.17, 6;
    %dup/vec4;
    %pushi/vec4 16, 0, 5;
    %cmp/u;
    %jmp/1 T_2.18, 6;
    %dup/vec4;
    %pushi/vec4 17, 0, 5;
    %cmp/u;
    %jmp/1 T_2.19, 6;
    %dup/vec4;
    %pushi/vec4 18, 0, 5;
    %cmp/u;
    %jmp/1 T_2.20, 6;
    %dup/vec4;
    %pushi/vec4 19, 0, 5;
    %cmp/u;
    %jmp/1 T_2.21, 6;
    %dup/vec4;
    %pushi/vec4 20, 0, 5;
    %cmp/u;
    %jmp/1 T_2.22, 6;
    %dup/vec4;
    %pushi/vec4 21, 0, 5;
    %cmp/u;
    %jmp/1 T_2.23, 6;
    %dup/vec4;
    %pushi/vec4 22, 0, 5;
    %cmp/u;
    %jmp/1 T_2.24, 6;
    %dup/vec4;
    %pushi/vec4 23, 0, 5;
    %cmp/u;
    %jmp/1 T_2.25, 6;
    %dup/vec4;
    %pushi/vec4 24, 0, 5;
    %cmp/u;
    %jmp/1 T_2.26, 6;
    %dup/vec4;
    %pushi/vec4 25, 0, 5;
    %cmp/u;
    %jmp/1 T_2.27, 6;
    %dup/vec4;
    %pushi/vec4 26, 0, 5;
    %cmp/u;
    %jmp/1 T_2.28, 6;
    %dup/vec4;
    %pushi/vec4 27, 0, 5;
    %cmp/u;
    %jmp/1 T_2.29, 6;
    %dup/vec4;
    %pushi/vec4 28, 0, 5;
    %cmp/u;
    %jmp/1 T_2.30, 6;
    %dup/vec4;
    %pushi/vec4 29, 0, 5;
    %cmp/u;
    %jmp/1 T_2.31, 6;
    %dup/vec4;
    %pushi/vec4 30, 0, 5;
    %cmp/u;
    %jmp/1 T_2.32, 6;
    %dup/vec4;
    %pushi/vec4 31, 0, 5;
    %cmp/u;
    %jmp/1 T_2.33, 6;
    %pushi/vec4 0, 0, 1;
    %store/vec4 v0000022df32264c0_0, 0, 1;
    %jmp T_2.35;
T_2.2 ;
    %load/vec4 v0000022df3226420_0;
    %parti/s 1, 0, 2;
    %store/vec4 v0000022df32264c0_0, 0, 1;
    %jmp T_2.35;
T_2.3 ;
    %load/vec4 v0000022df3226420_0;
    %parti/s 1, 1, 2;
    %store/vec4 v0000022df32264c0_0, 0, 1;
    %jmp T_2.35;
T_2.4 ;
    %load/vec4 v0000022df3226420_0;
    %parti/s 1, 2, 3;
    %store/vec4 v0000022df32264c0_0, 0, 1;
    %jmp T_2.35;
T_2.5 ;
    %load/vec4 v0000022df3226420_0;
    %parti/s 1, 3, 3;
    %store/vec4 v0000022df32264c0_0, 0, 1;
    %jmp T_2.35;
T_2.6 ;
    %load/vec4 v0000022df3226420_0;
    %parti/s 1, 4, 4;
    %store/vec4 v0000022df32264c0_0, 0, 1;
    %jmp T_2.35;
T_2.7 ;
    %load/vec4 v0000022df3226420_0;
    %parti/s 1, 5, 4;
    %store/vec4 v0000022df32264c0_0, 0, 1;
    %jmp T_2.35;
T_2.8 ;
    %load/vec4 v0000022df3226420_0;
    %parti/s 1, 6, 4;
    %store/vec4 v0000022df32264c0_0, 0, 1;
    %jmp T_2.35;
T_2.9 ;
    %load/vec4 v0000022df3226420_0;
    %parti/s 1, 7, 4;
    %store/vec4 v0000022df32264c0_0, 0, 1;
    %jmp T_2.35;
T_2.10 ;
    %load/vec4 v0000022df3226420_0;
    %parti/s 1, 8, 5;
    %store/vec4 v0000022df32264c0_0, 0, 1;
    %jmp T_2.35;
T_2.11 ;
    %load/vec4 v0000022df3226420_0;
    %parti/s 1, 9, 5;
    %store/vec4 v0000022df32264c0_0, 0, 1;
    %jmp T_2.35;
T_2.12 ;
    %load/vec4 v0000022df3226420_0;
    %parti/s 1, 10, 5;
    %store/vec4 v0000022df32264c0_0, 0, 1;
    %jmp T_2.35;
T_2.13 ;
    %load/vec4 v0000022df3226420_0;
    %parti/s 1, 11, 5;
    %store/vec4 v0000022df32264c0_0, 0, 1;
    %jmp T_2.35;
T_2.14 ;
    %load/vec4 v0000022df3226420_0;
    %parti/s 1, 12, 5;
    %store/vec4 v0000022df32264c0_0, 0, 1;
    %jmp T_2.35;
T_2.15 ;
    %load/vec4 v0000022df3226420_0;
    %parti/s 1, 13, 5;
    %store/vec4 v0000022df32264c0_0, 0, 1;
    %jmp T_2.35;
T_2.16 ;
    %load/vec4 v0000022df3226420_0;
    %parti/s 1, 14, 5;
    %store/vec4 v0000022df32264c0_0, 0, 1;
    %jmp T_2.35;
T_2.17 ;
    %load/vec4 v0000022df3226420_0;
    %parti/s 1, 15, 5;
    %store/vec4 v0000022df32264c0_0, 0, 1;
    %jmp T_2.35;
T_2.18 ;
    %load/vec4 v0000022df3226420_0;
    %parti/s 1, 16, 6;
    %store/vec4 v0000022df32264c0_0, 0, 1;
    %jmp T_2.35;
T_2.19 ;
    %load/vec4 v0000022df3226420_0;
    %parti/s 1, 17, 6;
    %store/vec4 v0000022df32264c0_0, 0, 1;
    %jmp T_2.35;
T_2.20 ;
    %load/vec4 v0000022df3226420_0;
    %parti/s 1, 18, 6;
    %store/vec4 v0000022df32264c0_0, 0, 1;
    %jmp T_2.35;
T_2.21 ;
    %load/vec4 v0000022df3226420_0;
    %parti/s 1, 19, 6;
    %store/vec4 v0000022df32264c0_0, 0, 1;
    %jmp T_2.35;
T_2.22 ;
    %load/vec4 v0000022df3226420_0;
    %parti/s 1, 20, 6;
    %store/vec4 v0000022df32264c0_0, 0, 1;
    %jmp T_2.35;
T_2.23 ;
    %load/vec4 v0000022df3226420_0;
    %parti/s 1, 21, 6;
    %store/vec4 v0000022df32264c0_0, 0, 1;
    %jmp T_2.35;
T_2.24 ;
    %load/vec4 v0000022df3226420_0;
    %parti/s 1, 22, 6;
    %store/vec4 v0000022df32264c0_0, 0, 1;
    %jmp T_2.35;
T_2.25 ;
    %load/vec4 v0000022df3226420_0;
    %parti/s 1, 23, 6;
    %store/vec4 v0000022df32264c0_0, 0, 1;
    %jmp T_2.35;
T_2.26 ;
    %load/vec4 v0000022df3226420_0;
    %parti/s 1, 24, 6;
    %store/vec4 v0000022df32264c0_0, 0, 1;
    %jmp T_2.35;
T_2.27 ;
    %load/vec4 v0000022df3226420_0;
    %parti/s 1, 25, 6;
    %store/vec4 v0000022df32264c0_0, 0, 1;
    %jmp T_2.35;
T_2.28 ;
    %load/vec4 v0000022df3226420_0;
    %parti/s 1, 26, 6;
    %store/vec4 v0000022df32264c0_0, 0, 1;
    %jmp T_2.35;
T_2.29 ;
    %load/vec4 v0000022df3226420_0;
    %parti/s 1, 27, 6;
    %store/vec4 v0000022df32264c0_0, 0, 1;
    %jmp T_2.35;
T_2.30 ;
    %load/vec4 v0000022df3226420_0;
    %parti/s 1, 28, 6;
    %store/vec4 v0000022df32264c0_0, 0, 1;
    %jmp T_2.35;
T_2.31 ;
    %load/vec4 v0000022df3226420_0;
    %parti/s 1, 29, 6;
    %store/vec4 v0000022df32264c0_0, 0, 1;
    %jmp T_2.35;
T_2.32 ;
    %load/vec4 v0000022df3226420_0;
    %parti/s 1, 30, 6;
    %store/vec4 v0000022df32264c0_0, 0, 1;
    %jmp T_2.35;
T_2.33 ;
    %load/vec4 v0000022df3226420_0;
    %parti/s 1, 31, 6;
    %store/vec4 v0000022df32264c0_0, 0, 1;
    %jmp T_2.35;
T_2.35 ;
    %pop/vec4 1;
    %jmp T_2.1;
T_2.0 ;
    %pushi/vec4 0, 0, 1;
    %store/vec4 v0000022df32264c0_0, 0, 1;
T_2.1 ;
    %jmp T_2;
    .thread T_2, $push;
    .scope S_0000022df327d3b0;
T_3 ;
    %wait E_0000022df3269a40;
    %load/vec4 v0000022df3274330_0;
    %dup/vec4;
    %pushi/vec4 0, 0, 5;
    %cmp/u;
    %jmp/1 T_3.0, 6;
    %dup/vec4;
    %pushi/vec4 1, 0, 5;
    %cmp/u;
    %jmp/1 T_3.1, 6;
    %dup/vec4;
    %pushi/vec4 2, 0, 5;
    %cmp/u;
    %jmp/1 T_3.2, 6;
    %dup/vec4;
    %pushi/vec4 3, 0, 5;
    %cmp/u;
    %jmp/1 T_3.3, 6;
    %dup/vec4;
    %pushi/vec4 4, 0, 5;
    %cmp/u;
    %jmp/1 T_3.4, 6;
    %dup/vec4;
    %pushi/vec4 5, 0, 5;
    %cmp/u;
    %jmp/1 T_3.5, 6;
    %dup/vec4;
    %pushi/vec4 6, 0, 5;
    %cmp/u;
    %jmp/1 T_3.6, 6;
    %dup/vec4;
    %pushi/vec4 7, 0, 5;
    %cmp/u;
    %jmp/1 T_3.7, 6;
    %dup/vec4;
    %pushi/vec4 8, 0, 5;
    %cmp/u;
    %jmp/1 T_3.8, 6;
    %dup/vec4;
    %pushi/vec4 9, 0, 5;
    %cmp/u;
    %jmp/1 T_3.9, 6;
    %dup/vec4;
    %pushi/vec4 10, 0, 5;
    %cmp/u;
    %jmp/1 T_3.10, 6;
    %dup/vec4;
    %pushi/vec4 11, 0, 5;
    %cmp/u;
    %jmp/1 T_3.11, 6;
    %dup/vec4;
    %pushi/vec4 12, 0, 5;
    %cmp/u;
    %jmp/1 T_3.12, 6;
    %dup/vec4;
    %pushi/vec4 13, 0, 5;
    %cmp/u;
    %jmp/1 T_3.13, 6;
    %dup/vec4;
    %pushi/vec4 14, 0, 5;
    %cmp/u;
    %jmp/1 T_3.14, 6;
    %dup/vec4;
    %pushi/vec4 15, 0, 5;
    %cmp/u;
    %jmp/1 T_3.15, 6;
    %dup/vec4;
    %pushi/vec4 16, 0, 5;
    %cmp/u;
    %jmp/1 T_3.16, 6;
    %dup/vec4;
    %pushi/vec4 17, 0, 5;
    %cmp/u;
    %jmp/1 T_3.17, 6;
    %dup/vec4;
    %pushi/vec4 18, 0, 5;
    %cmp/u;
    %jmp/1 T_3.18, 6;
    %dup/vec4;
    %pushi/vec4 19, 0, 5;
    %cmp/u;
    %jmp/1 T_3.19, 6;
    %dup/vec4;
    %pushi/vec4 20, 0, 5;
    %cmp/u;
    %jmp/1 T_3.20, 6;
    %dup/vec4;
    %pushi/vec4 21, 0, 5;
    %cmp/u;
    %jmp/1 T_3.21, 6;
    %dup/vec4;
    %pushi/vec4 22, 0, 5;
    %cmp/u;
    %jmp/1 T_3.22, 6;
    %dup/vec4;
    %pushi/vec4 23, 0, 5;
    %cmp/u;
    %jmp/1 T_3.23, 6;
    %dup/vec4;
    %pushi/vec4 24, 0, 5;
    %cmp/u;
    %jmp/1 T_3.24, 6;
    %dup/vec4;
    %pushi/vec4 25, 0, 5;
    %cmp/u;
    %jmp/1 T_3.25, 6;
    %dup/vec4;
    %pushi/vec4 26, 0, 5;
    %cmp/u;
    %jmp/1 T_3.26, 6;
    %dup/vec4;
    %pushi/vec4 27, 0, 5;
    %cmp/u;
    %jmp/1 T_3.27, 6;
    %dup/vec4;
    %pushi/vec4 28, 0, 5;
    %cmp/u;
    %jmp/1 T_3.28, 6;
    %dup/vec4;
    %pushi/vec4 29, 0, 5;
    %cmp/u;
    %jmp/1 T_3.29, 6;
    %dup/vec4;
    %pushi/vec4 30, 0, 5;
    %cmp/u;
    %jmp/1 T_3.30, 6;
    %dup/vec4;
    %pushi/vec4 31, 0, 5;
    %cmp/u;
    %jmp/1 T_3.31, 6;
    %pushi/vec4 0, 0, 8;
    %store/vec4 v0000022df3273930_0, 0, 8;
    %jmp T_3.33;
T_3.0 ;
    %load/vec4 v0000022df3273480_0;
    %parti/s 8, 0, 2;
    %store/vec4 v0000022df3273930_0, 0, 8;
    %jmp T_3.33;
T_3.1 ;
    %load/vec4 v0000022df3273480_0;
    %parti/s 8, 8, 5;
    %store/vec4 v0000022df3273930_0, 0, 8;
    %jmp T_3.33;
T_3.2 ;
    %load/vec4 v0000022df3273480_0;
    %parti/s 8, 16, 6;
    %store/vec4 v0000022df3273930_0, 0, 8;
    %jmp T_3.33;
T_3.3 ;
    %load/vec4 v0000022df3273480_0;
    %parti/s 8, 24, 6;
    %store/vec4 v0000022df3273930_0, 0, 8;
    %jmp T_3.33;
T_3.4 ;
    %load/vec4 v0000022df3273480_0;
    %parti/s 8, 32, 7;
    %store/vec4 v0000022df3273930_0, 0, 8;
    %jmp T_3.33;
T_3.5 ;
    %load/vec4 v0000022df3273480_0;
    %parti/s 8, 40, 7;
    %store/vec4 v0000022df3273930_0, 0, 8;
    %jmp T_3.33;
T_3.6 ;
    %load/vec4 v0000022df3273480_0;
    %parti/s 8, 48, 7;
    %store/vec4 v0000022df3273930_0, 0, 8;
    %jmp T_3.33;
T_3.7 ;
    %load/vec4 v0000022df3273480_0;
    %parti/s 8, 56, 7;
    %store/vec4 v0000022df3273930_0, 0, 8;
    %jmp T_3.33;
T_3.8 ;
    %load/vec4 v0000022df3273480_0;
    %parti/s 8, 64, 8;
    %store/vec4 v0000022df3273930_0, 0, 8;
    %jmp T_3.33;
T_3.9 ;
    %load/vec4 v0000022df3273480_0;
    %parti/s 8, 72, 8;
    %store/vec4 v0000022df3273930_0, 0, 8;
    %jmp T_3.33;
T_3.10 ;
    %load/vec4 v0000022df3273480_0;
    %parti/s 8, 80, 8;
    %store/vec4 v0000022df3273930_0, 0, 8;
    %jmp T_3.33;
T_3.11 ;
    %load/vec4 v0000022df3273480_0;
    %parti/s 8, 88, 8;
    %store/vec4 v0000022df3273930_0, 0, 8;
    %jmp T_3.33;
T_3.12 ;
    %load/vec4 v0000022df3273480_0;
    %parti/s 8, 96, 8;
    %store/vec4 v0000022df3273930_0, 0, 8;
    %jmp T_3.33;
T_3.13 ;
    %load/vec4 v0000022df3273480_0;
    %parti/s 8, 104, 8;
    %store/vec4 v0000022df3273930_0, 0, 8;
    %jmp T_3.33;
T_3.14 ;
    %load/vec4 v0000022df3273480_0;
    %parti/s 8, 112, 8;
    %store/vec4 v0000022df3273930_0, 0, 8;
    %jmp T_3.33;
T_3.15 ;
    %load/vec4 v0000022df3273480_0;
    %parti/s 8, 120, 8;
    %store/vec4 v0000022df3273930_0, 0, 8;
    %jmp T_3.33;
T_3.16 ;
    %load/vec4 v0000022df3273480_0;
    %parti/s 8, 128, 9;
    %store/vec4 v0000022df3273930_0, 0, 8;
    %jmp T_3.33;
T_3.17 ;
    %load/vec4 v0000022df3273480_0;
    %parti/s 8, 136, 9;
    %store/vec4 v0000022df3273930_0, 0, 8;
    %jmp T_3.33;
T_3.18 ;
    %load/vec4 v0000022df3273480_0;
    %parti/s 8, 144, 9;
    %store/vec4 v0000022df3273930_0, 0, 8;
    %jmp T_3.33;
T_3.19 ;
    %load/vec4 v0000022df3273480_0;
    %parti/s 8, 152, 9;
    %store/vec4 v0000022df3273930_0, 0, 8;
    %jmp T_3.33;
T_3.20 ;
    %load/vec4 v0000022df3273480_0;
    %parti/s 8, 160, 9;
    %store/vec4 v0000022df3273930_0, 0, 8;
    %jmp T_3.33;
T_3.21 ;
    %load/vec4 v0000022df3273480_0;
    %parti/s 8, 168, 9;
    %store/vec4 v0000022df3273930_0, 0, 8;
    %jmp T_3.33;
T_3.22 ;
    %load/vec4 v0000022df3273480_0;
    %parti/s 8, 176, 9;
    %store/vec4 v0000022df3273930_0, 0, 8;
    %jmp T_3.33;
T_3.23 ;
    %load/vec4 v0000022df3273480_0;
    %parti/s 8, 184, 9;
    %store/vec4 v0000022df3273930_0, 0, 8;
    %jmp T_3.33;
T_3.24 ;
    %load/vec4 v0000022df3273480_0;
    %parti/s 8, 192, 9;
    %store/vec4 v0000022df3273930_0, 0, 8;
    %jmp T_3.33;
T_3.25 ;
    %load/vec4 v0000022df3273480_0;
    %parti/s 8, 200, 9;
    %store/vec4 v0000022df3273930_0, 0, 8;
    %jmp T_3.33;
T_3.26 ;
    %load/vec4 v0000022df3273480_0;
    %parti/s 8, 208, 9;
    %store/vec4 v0000022df3273930_0, 0, 8;
    %jmp T_3.33;
T_3.27 ;
    %load/vec4 v0000022df3273480_0;
    %parti/s 8, 216, 9;
    %store/vec4 v0000022df3273930_0, 0, 8;
    %jmp T_3.33;
T_3.28 ;
    %load/vec4 v0000022df3273480_0;
    %parti/s 8, 224, 9;
    %store/vec4 v0000022df3273930_0, 0, 8;
    %jmp T_3.33;
T_3.29 ;
    %load/vec4 v0000022df3273480_0;
    %parti/s 8, 232, 9;
    %store/vec4 v0000022df3273930_0, 0, 8;
    %jmp T_3.33;
T_3.30 ;
    %load/vec4 v0000022df3273480_0;
    %parti/s 8, 240, 9;
    %store/vec4 v0000022df3273930_0, 0, 8;
    %jmp T_3.33;
T_3.31 ;
    %load/vec4 v0000022df3273480_0;
    %parti/s 8, 248, 9;
    %store/vec4 v0000022df3273930_0, 0, 8;
    %jmp T_3.33;
T_3.33 ;
    %pop/vec4 1;
    %jmp T_3;
    .thread T_3, $push;
# The file index is used to find the file name in the following table.
:file_names 3;
    "N/A";
    "<interactive>";
    "extra.v";
